This is pdfTeX, Version 3.14159265-2.6-1.40.15 (TeX Live 2014) (preloaded format=pdflatex 2014.5.25)  14 JUN 2018 23:49
entering extended mode
 restricted \write18 enabled.
 %&-line parsing enabled.
**JCP-Manuscript.tex
(./JCP-Manuscript.tex
LaTeX2e <2014/05/01>
Babel <3.9k> and hyphenation patterns for 78 languages loaded.
(/usr/local/texlive/2014/texmf-dist/tex/latex/elsarticle/elsarticle.cls
Document Class: elsarticle 2009/09/17, 1.2.0: Elsevier Ltd
\@bls=\dimen102
(/usr/local/texlive/2014/texmf-dist/tex/latex/base/article.cls
Document Class: article 2007/10/19 v1.4h Standard LaTeX document class
(/usr/local/texlive/2014/texmf-dist/tex/latex/base/size10.clo
File: size10.clo 2007/10/19 v1.4h Standard LaTeX file (size option)
)
\c@part=\count79
\c@section=\count80
\c@subsection=\count81
\c@subsubsection=\count82
\c@paragraph=\count83
\c@subparagraph=\count84
\c@figure=\count85
\c@table=\count86
\abovecaptionskip=\skip41
\belowcaptionskip=\skip42
\bibindent=\dimen103
)
(/usr/local/texlive/2014/texmf-dist/tex/latex/graphics/graphicx.sty
Package: graphicx 2014/04/25 v1.0g Enhanced LaTeX Graphics (DPC,SPQR)

(/usr/local/texlive/2014/texmf-dist/tex/latex/graphics/keyval.sty
Package: keyval 2014/05/08 v1.15 key=value parser (DPC)
\KV@toks@=\toks14
)
(/usr/local/texlive/2014/texmf-dist/tex/latex/graphics/graphics.sty
Package: graphics 2009/02/05 v1.0o Standard LaTeX Graphics (DPC,SPQR)

(/usr/local/texlive/2014/texmf-dist/tex/latex/graphics/trig.sty
Package: trig 1999/03/16 v1.09 sin cos tan (DPC)
)
(/usr/local/texlive/2014/texmf-dist/tex/latex/latexconfig/graphics.cfg
File: graphics.cfg 2010/04/23 v1.9 graphics configuration of TeX Live
)
Package graphics Info: Driver file: pdftex.def on input line 91.

(/usr/local/texlive/2014/texmf-dist/tex/latex/pdftex-def/pdftex.def
File: pdftex.def 2011/05/27 v0.06d Graphics/color for pdfTeX

(/usr/local/texlive/2014/texmf-dist/tex/generic/oberdiek/infwarerr.sty
Package: infwarerr 2010/04/08 v1.3 Providing info/warning/error messages (HO)
)
(/usr/local/texlive/2014/texmf-dist/tex/generic/oberdiek/ltxcmds.sty
Package: ltxcmds 2011/11/09 v1.22 LaTeX kernel commands for general use (HO)
)
\Gread@gobject=\count87
))
\Gin@req@height=\dimen104
\Gin@req@width=\dimen105
)
(/usr/local/texlive/2014/texmf-dist/tex/latex/psnfss/pifont.sty
Package: pifont 2005/04/12 PSNFSS-v9.2a Pi font support (SPQR) 
LaTeX Font Info:    Try loading font information for U+pzd on input line 63.

(/usr/local/texlive/2014/texmf-dist/tex/latex/psnfss/upzd.fd
File: upzd.fd 2001/06/04 font definitions for U/pzd.
)
LaTeX Font Info:    Try loading font information for U+psy on input line 64.

(/usr/local/texlive/2014/texmf-dist/tex/latex/psnfss/upsy.fd
File: upsy.fd 2001/06/04 font definitions for U/psy.
))
\c@tnote=\count88
\c@fnote=\count89
\c@cnote=\count90
\c@ead=\count91
\c@author=\count92
\@eadauthor=\toks15
\c@affn=\count93
\absbox=\box26
\keybox=\box27
\Columnwidth=\dimen106
\space@left=\dimen107
\els@boxa=\box28
\els@boxb=\box29
\leftMargin=\dimen108
\@enLab=\toks16
\@sep=\skip43
\@@sep=\skip44

(./JCP-Manuscript.spl)
(/usr/local/texlive/2014/texmf-dist/tex/latex/natbib/natbib.sty
Package: natbib 2010/09/13 8.31b (PWD, AO)
\bibhang=\skip45
\bibsep=\skip46
LaTeX Info: Redefining \cite on input line 694.
\c@NAT@ctr=\count94
)
\splwrite=\write3
\openout3 = `JCP-Manuscript.spl'.

)
(/usr/local/texlive/2014/texmf-dist/tex/latex/lineno/lineno.sty
Package: lineno 2005/11/02 line numbers on paragraphs v4.41
\linenopenalty=\count95
\output=\toks17
\linenoprevgraf=\count96
\linenumbersep=\dimen109
\linenumberwidth=\dimen110
\c@linenumber=\count97
\c@pagewiselinenumber=\count98
\c@LN@truepage=\count99
\c@internallinenumber=\count100
\c@internallinenumbers=\count101
\quotelinenumbersep=\dimen111
\bframerule=\dimen112
\bframesep=\dimen113
\bframebox=\box30
LaTeX Info: Redefining \\ on input line 3056.
)
(/usr/local/texlive/2014/texmf-dist/tex/latex/hyperref/hyperref.sty
Package: hyperref 2012/11/06 v6.83m Hypertext links for LaTeX

(/usr/local/texlive/2014/texmf-dist/tex/generic/oberdiek/hobsub-hyperref.sty
Package: hobsub-hyperref 2012/05/28 v1.13 Bundle oberdiek, subset hyperref (HO)


(/usr/local/texlive/2014/texmf-dist/tex/generic/oberdiek/hobsub-generic.sty
Package: hobsub-generic 2012/05/28 v1.13 Bundle oberdiek, subset generic (HO)
Package: hobsub 2012/05/28 v1.13 Construct package bundles (HO)
Package hobsub Info: Skipping package `infwarerr' (already loaded).
Package hobsub Info: Skipping package `ltxcmds' (already loaded).
Package: ifluatex 2010/03/01 v1.3 Provides the ifluatex switch (HO)
Package ifluatex Info: LuaTeX not detected.
Package: ifvtex 2010/03/01 v1.5 Detect VTeX and its facilities (HO)
Package ifvtex Info: VTeX not detected.
Package: intcalc 2007/09/27 v1.1 Expandable calculations with integers (HO)
Package: ifpdf 2011/01/30 v2.3 Provides the ifpdf switch (HO)
Package ifpdf Info: pdfTeX in PDF mode is detected.
Package: etexcmds 2011/02/16 v1.5 Avoid name clashes with e-TeX commands (HO)
Package etexcmds Info: Could not find \expanded.
(etexcmds)             That can mean that you are not using pdfTeX 1.50 or
(etexcmds)             that some package has redefined \expanded.
(etexcmds)             In the latter case, load this package earlier.
Package: kvsetkeys 2012/04/25 v1.16 Key value parser (HO)
Package: kvdefinekeys 2011/04/07 v1.3 Define keys (HO)
Package: pdftexcmds 2011/11/29 v0.20 Utility functions of pdfTeX for LuaTeX (HO
)
Package pdftexcmds Info: LuaTeX not detected.
Package pdftexcmds Info: \pdf@primitive is available.
Package pdftexcmds Info: \pdf@ifprimitive is available.
Package pdftexcmds Info: \pdfdraftmode found.
Package: pdfescape 2011/11/25 v1.13 Implements pdfTeX's escape features (HO)
Package: bigintcalc 2012/04/08 v1.3 Expandable calculations on big integers (HO
)
Package: bitset 2011/01/30 v1.1 Handle bit-vector datatype (HO)
Package: uniquecounter 2011/01/30 v1.2 Provide unlimited unique counter (HO)
)
Package hobsub Info: Skipping package `hobsub' (already loaded).
Package: letltxmacro 2010/09/02 v1.4 Let assignment for LaTeX macros (HO)
Package: hopatch 2012/05/28 v1.2 Wrapper for package hooks (HO)
Package: xcolor-patch 2011/01/30 xcolor patch
Package: atveryend 2011/06/30 v1.8 Hooks at the very end of document (HO)
Package atveryend Info: \enddocument detected (standard20110627).
Package: atbegshi 2011/10/05 v1.16 At begin shipout hook (HO)
Package: refcount 2011/10/16 v3.4 Data extraction from label references (HO)
Package: hycolor 2011/01/30 v1.7 Color options for hyperref/bookmark (HO)
)
(/usr/local/texlive/2014/texmf-dist/tex/generic/ifxetex/ifxetex.sty
Package: ifxetex 2010/09/12 v0.6 Provides ifxetex conditional
)
(/usr/local/texlive/2014/texmf-dist/tex/latex/oberdiek/auxhook.sty
Package: auxhook 2011/03/04 v1.3 Hooks for auxiliary files (HO)
)
(/usr/local/texlive/2014/texmf-dist/tex/latex/oberdiek/kvoptions.sty
Package: kvoptions 2011/06/30 v3.11 Key value format for package options (HO)
)
\@linkdim=\dimen114
\Hy@linkcounter=\count102
\Hy@pagecounter=\count103

(/usr/local/texlive/2014/texmf-dist/tex/latex/hyperref/pd1enc.def
File: pd1enc.def 2012/11/06 v6.83m Hyperref: PDFDocEncoding definition (HO)
)
\Hy@SavedSpaceFactor=\count104

(/usr/local/texlive/2014/texmf-dist/tex/latex/latexconfig/hyperref.cfg
File: hyperref.cfg 2002/06/06 v1.2 hyperref configuration of TeXLive
)
Package hyperref Info: Hyper figures OFF on input line 4443.
Package hyperref Info: Link nesting OFF on input line 4448.
Package hyperref Info: Hyper index ON on input line 4451.
Package hyperref Info: Plain pages OFF on input line 4458.
Package hyperref Info: Backreferencing OFF on input line 4463.
Package hyperref Info: Implicit mode ON; LaTeX internals redefined.
Package hyperref Info: Bookmarks ON on input line 4688.
\c@Hy@tempcnt=\count105

(/usr/local/texlive/2014/texmf-dist/tex/latex/url/url.sty
\Urlmuskip=\muskip10
Package: url 2013/09/16  ver 3.4  Verb mode for urls, etc.
)
LaTeX Info: Redefining \url on input line 5041.
\XeTeXLinkMargin=\dimen115
\Fld@menulength=\count106
\Field@Width=\dimen116
\Fld@charsize=\dimen117
Package hyperref Info: Hyper figures OFF on input line 6295.
Package hyperref Info: Link nesting OFF on input line 6300.
Package hyperref Info: Hyper index ON on input line 6303.
Package hyperref Info: backreferencing OFF on input line 6310.
Package hyperref Info: Link coloring OFF on input line 6315.
Package hyperref Info: Link coloring with OCG OFF on input line 6320.
Package hyperref Info: PDF/A mode OFF on input line 6325.
LaTeX Info: Redefining \ref on input line 6365.
LaTeX Info: Redefining \pageref on input line 6369.
\Hy@abspage=\count107
\c@Item=\count108
\c@Hfootnote=\count109
)

Package hyperref Message: Driver (autodetected): hpdftex.

(/usr/local/texlive/2014/texmf-dist/tex/latex/hyperref/hpdftex.def
File: hpdftex.def 2012/11/06 v6.83m Hyperref driver for pdfTeX
\Fld@listcount=\count110
\c@bookmark@seq@number=\count111

(/usr/local/texlive/2014/texmf-dist/tex/latex/oberdiek/rerunfilecheck.sty
Package: rerunfilecheck 2011/04/15 v1.7 Rerun checks for auxiliary files (HO)
Package uniquecounter Info: New unique counter `rerunfilecheck' on input line 2
82.
)
\Hy@SectionHShift=\skip47
)
(/usr/local/texlive/2014/texmf-dist/tex/latex/amsmath/amsmath.sty
Package: amsmath 2013/01/14 v2.14 AMS math features
\@mathmargin=\skip48

For additional information on amsmath, use the `?' option.
(/usr/local/texlive/2014/texmf-dist/tex/latex/amsmath/amstext.sty
Package: amstext 2000/06/29 v2.01

(/usr/local/texlive/2014/texmf-dist/tex/latex/amsmath/amsgen.sty
File: amsgen.sty 1999/11/30 v2.0
\@emptytoks=\toks18
\ex@=\dimen118
))
(/usr/local/texlive/2014/texmf-dist/tex/latex/amsmath/amsbsy.sty
Package: amsbsy 1999/11/29 v1.2d
\pmbraise@=\dimen119
)
(/usr/local/texlive/2014/texmf-dist/tex/latex/amsmath/amsopn.sty
Package: amsopn 1999/12/14 v2.01 operator names
)
\inf@bad=\count112
LaTeX Info: Redefining \frac on input line 210.
\uproot@=\count113
\leftroot@=\count114
LaTeX Info: Redefining \overline on input line 306.
\classnum@=\count115
\DOTSCASE@=\count116
LaTeX Info: Redefining \ldots on input line 378.
LaTeX Info: Redefining \dots on input line 381.
LaTeX Info: Redefining \cdots on input line 466.
\Mathstrutbox@=\box31
\strutbox@=\box32
\big@size=\dimen120
LaTeX Font Info:    Redeclaring font encoding OML on input line 566.
LaTeX Font Info:    Redeclaring font encoding OMS on input line 567.
\macc@depth=\count117
\c@MaxMatrixCols=\count118
\dotsspace@=\muskip11
\c@parentequation=\count119
\dspbrk@lvl=\count120
\tag@help=\toks19
\row@=\count121
\column@=\count122
\maxfields@=\count123
\andhelp@=\toks20
\eqnshift@=\dimen121
\alignsep@=\dimen122
\tagshift@=\dimen123
\tagwidth@=\dimen124
\totwidth@=\dimen125
\lineht@=\dimen126
\@envbody=\toks21
\multlinegap=\skip49
\multlinetaggap=\skip50
\mathdisplay@stack=\toks22
LaTeX Info: Redefining \[ on input line 2665.
LaTeX Info: Redefining \] on input line 2666.
)
(/usr/local/texlive/2014/texmf-dist/tex/latex/float/float.sty
Package: float 2001/11/08 v1.3d Float enhancements (AL)
\c@float@type=\count124
\float@exts=\toks23
\float@box=\box33
\@float@everytoks=\toks24
\@floatcapt=\box34
)
(./JCP-Manuscript.aux)
\openout1 = `JCP-Manuscript.aux'.

LaTeX Font Info:    Checking defaults for OML/cmm/m/it on input line 32.
LaTeX Font Info:    ... okay on input line 32.
LaTeX Font Info:    Checking defaults for T1/cmr/m/n on input line 32.
LaTeX Font Info:    ... okay on input line 32.
LaTeX Font Info:    Checking defaults for OT1/cmr/m/n on input line 32.
LaTeX Font Info:    ... okay on input line 32.
LaTeX Font Info:    Checking defaults for OMS/cmsy/m/n on input line 32.
LaTeX Font Info:    ... okay on input line 32.
LaTeX Font Info:    Checking defaults for OMX/cmex/m/n on input line 32.
LaTeX Font Info:    ... okay on input line 32.
LaTeX Font Info:    Checking defaults for U/cmr/m/n on input line 32.
LaTeX Font Info:    ... okay on input line 32.
LaTeX Font Info:    Checking defaults for PD1/pdf/m/n on input line 32.
LaTeX Font Info:    ... okay on input line 32.

(/usr/local/texlive/2014/texmf-dist/tex/context/base/supp-pdf.mkii
[Loading MPS to PDF converter (version 2006.09.02).]
\scratchcounter=\count125
\scratchdimen=\dimen127
\scratchbox=\box35
\nofMPsegments=\count126
\nofMParguments=\count127
\everyMPshowfont=\toks25
\MPscratchCnt=\count128
\MPscratchDim=\dimen128
\MPnumerator=\count129
\makeMPintoPDFobject=\count130
\everyMPtoPDFconversion=\toks26
) (/usr/local/texlive/2014/texmf-dist/tex/latex/oberdiek/epstopdf-base.sty
Package: epstopdf-base 2010/02/09 v2.5 Base part for package epstopdf

(/usr/local/texlive/2014/texmf-dist/tex/latex/oberdiek/grfext.sty
Package: grfext 2010/08/19 v1.1 Manage graphics extensions (HO)
)
Package grfext Info: Graphics extension search list:
(grfext)             [.png,.pdf,.jpg,.mps,.jpeg,.jbig2,.jb2,.PNG,.PDF,.JPG,.JPE
G,.JBIG2,.JB2,.eps]
(grfext)             \AppendGraphicsExtensions on input line 452.

(/usr/local/texlive/2014/texmf-dist/tex/latex/latexconfig/epstopdf-sys.cfg
File: epstopdf-sys.cfg 2010/07/13 v1.3 Configuration of (r)epstopdf for TeX Liv
e
))
\AtBeginShipoutBox=\box36
Package hyperref Info: Link coloring OFF on input line 32.

(/usr/local/texlive/2014/texmf-dist/tex/latex/hyperref/nameref.sty
Package: nameref 2012/10/27 v2.43 Cross-referencing by name of section

(/usr/local/texlive/2014/texmf-dist/tex/generic/oberdiek/gettitlestring.sty
Package: gettitlestring 2010/12/03 v1.4 Cleanup title references (HO)
)
\c@section@level=\count131
)
LaTeX Info: Redefining \ref on input line 32.
LaTeX Info: Redefining \pageref on input line 32.
LaTeX Info: Redefining \nameref on input line 32.

(./JCP-Manuscript.out) (./JCP-Manuscript.out)
\@outlinefile=\write4
\openout4 = `JCP-Manuscript.out'.

 [1


{/usr/local/texlive/2014/texmf-var/fonts/map/pdftex/updmap/pdftex.map}] [2] [3]
LaTeX Font Info:    Try loading font information for OMS+cmr on input line 85.

(/usr/local/texlive/2014/texmf-dist/tex/latex/base/omscmr.fd
File: omscmr.fd 1999/05/25 v2.5h Standard LaTeX font definitions
)
LaTeX Font Info:    Font shape `OMS/cmr/m/n' in size <10> not available
(Font)              Font shape `OMS/cmsy/m/n' tried instead on input line 85.
 [4] [5] [6]
[7]
Overfull \hbox (3.59775pt too wide) in paragraph at lines 189--191
[]\OT1/cmr/m/n/10 Here we present es-sen-tial for-mu-la-tions for solv-ing Eu-l
er equa-tions with GSPH.
 []

[8] [9] [10] [11] [12] <./Figures/RSPH-GSPH.pdf, id=264, 722.7pt x 542.025pt>
File: ./Figures/RSPH-GSPH.pdf Graphic file (type pdf)

<use ./Figures/RSPH-GSPH.pdf>
Package pdftex.def Info: ./Figures/RSPH-GSPH.pdf used on input line 301.
(pdftex.def)             Requested size: 172.5pt x 129.36911pt.
 [13pdfTeX warning (ext4): destination with the same identifier (name{figure.1}
) has been already used, duplicate ignored

\AtBegShi@Output ...ipout \box \AtBeginShipoutBox 
                                                  \fi \fi 
l.307 
       <./Figures/RSPH-GSPH.pdf>] [14]
Overfull \hbox (60.95781pt too wide) detected at line 342
\OT1/cmr/m/n/10 (\OML/cmm/m/it/10 pu\OT1/cmr/m/n/10 ) [] = []
 []

[15] [16] [17]
Overfull \hbox (10.33409pt too wide) in paragraph at lines 416--429
 [][] 
 []

[18pdfTeX warning (ext4): destination with the same identifier (name{table.1}) 
has been already used, duplicate ignored

\AtBegShi@Output ...ipout \box \AtBeginShipoutBox 
                                                  \fi \fi 
l.437 
      ]
Package epstopdf Info: Source file: <./Figures/Sod/RCM-Sod-SPH-alf-rho.eps>
(epstopdf)                    date: 2018-06-07 16:51:39
(epstopdf)                    size: 302621 bytes
(epstopdf)             Output file: <./Figures/Sod/RCM-Sod-SPH-alf-rho-eps-conv
erted-to.pdf>
(epstopdf)                    date: 2018-06-07 16:53:44
(epstopdf)                    size: 59653 bytes
(epstopdf)             Command: <repstopdf --outfile=./Figures/Sod/RCM-Sod-SPH-
alf-rho-eps-converted-to.pdf ./Figures/Sod/RCM-Sod-SPH-alf-rho.eps>
(epstopdf)             \includegraphics on input line 443.
Package epstopdf Info: Output file is already uptodate.

<./Figures/Sod/RCM-Sod-SPH-alf-rho-eps-converted-to.pdf, id=359, 1114.1625pt x 
714.67pt>
File: ./Figures/Sod/RCM-Sod-SPH-alf-rho-eps-converted-to.pdf Graphic file (type
 pdf)
 <use ./Figures/Sod/RCM-Sod-SPH-alf-rho-eps-converted-to.pdf>
Package pdftex.def Info: ./Figures/Sod/RCM-Sod-SPH-alf-rho-eps-converted-to.pdf
 used on input line 443.
(pdftex.def)             Requested size: 169.06651pt x 108.43904pt.
Package epstopdf Info: Source file: <./Figures/Sod/RCM-Sod-SPH-alf-v.eps>
(epstopdf)                    date: 2018-06-07 16:51:39
(epstopdf)                    size: 306794 bytes
(epstopdf)             Output file: <./Figures/Sod/RCM-Sod-SPH-alf-v-eps-conver
ted-to.pdf>
(epstopdf)                    date: 2018-06-07 16:53:46
(epstopdf)                    size: 60367 bytes
(epstopdf)             Command: <repstopdf --outfile=./Figures/Sod/RCM-Sod-SPH-
alf-v-eps-converted-to.pdf ./Figures/Sod/RCM-Sod-SPH-alf-v.eps>
(epstopdf)             \includegraphics on input line 447.
Package epstopdf Info: Output file is already uptodate.

<./Figures/Sod/RCM-Sod-SPH-alf-v-eps-converted-to.pdf, id=360, 1109.14375pt x 7
18.685pt>
File: ./Figures/Sod/RCM-Sod-SPH-alf-v-eps-converted-to.pdf Graphic file (type p
df)
 <use ./Figures/Sod/RCM-Sod-SPH-alf-v-eps-converted-to.pdf>
Package pdftex.def Info: ./Figures/Sod/RCM-Sod-SPH-alf-v-eps-converted-to.pdf u
sed on input line 447.
(pdftex.def)             Requested size: 169.06651pt x 109.54172pt.
Package epstopdf Info: Source file: <./Figures/Sod/RCM-Sod-SPH-alf-e.eps>
(epstopdf)                    date: 2018-06-07 16:51:39
(epstopdf)                    size: 304755 bytes
(epstopdf)             Output file: <./Figures/Sod/RCM-Sod-SPH-alf-e-eps-conver
ted-to.pdf>
(epstopdf)                    date: 2018-06-07 16:53:52
(epstopdf)                    size: 59692 bytes
(epstopdf)             Command: <repstopdf --outfile=./Figures/Sod/RCM-Sod-SPH-
alf-e-eps-converted-to.pdf ./Figures/Sod/RCM-Sod-SPH-alf-e.eps>
(epstopdf)             \includegraphics on input line 452.
Package epstopdf Info: Output file is already uptodate.

<./Figures/Sod/RCM-Sod-SPH-alf-e-eps-converted-to.pdf, id=361, 1104.125pt x 718
.685pt>
File: ./Figures/Sod/RCM-Sod-SPH-alf-e-eps-converted-to.pdf Graphic file (type p
df)
 <use ./Figures/Sod/RCM-Sod-SPH-alf-e-eps-converted-to.pdf>
Package pdftex.def Info: ./Figures/Sod/RCM-Sod-SPH-alf-e-eps-converted-to.pdf u
sed on input line 452.
(pdftex.def)             Requested size: 169.06651pt x 110.04617pt.
Package epstopdf Info: Source file: <./Figures/Sod/RCM-Sod-SPH-alf-p.eps>
(epstopdf)                    date: 2018-06-07 16:51:39
(epstopdf)                    size: 304686 bytes
(epstopdf)             Output file: <./Figures/Sod/RCM-Sod-SPH-alf-p-eps-conver
ted-to.pdf>
(epstopdf)                    date: 2018-06-07 16:53:54
(epstopdf)                    size: 61141 bytes
(epstopdf)             Command: <repstopdf --outfile=./Figures/Sod/RCM-Sod-SPH-
alf-p-eps-converted-to.pdf ./Figures/Sod/RCM-Sod-SPH-alf-p.eps>
(epstopdf)             \includegraphics on input line 456.
Package epstopdf Info: Output file is already uptodate.

<./Figures/Sod/RCM-Sod-SPH-alf-p-eps-converted-to.pdf, id=362, 1109.14375pt x 7
16.6775pt>
File: ./Figures/Sod/RCM-Sod-SPH-alf-p-eps-converted-to.pdf Graphic file (type p
df)
 <use ./Figures/Sod/RCM-Sod-SPH-alf-p-eps-converted-to.pdf>
Package pdftex.def Info: ./Figures/Sod/RCM-Sod-SPH-alf-p-eps-converted-to.pdf u
sed on input line 456.
(pdftex.def)             Requested size: 169.06651pt x 109.23575pt.
Package epstopdf Info: Source file: <./Figures/Sod/RCM-Sod-SPH-alf-rho-zoom.eps
>
(epstopdf)                    date: 2018-06-07 16:51:39
(epstopdf)                    size: 145096 bytes
(epstopdf)             Output file: <./Figures/Sod/RCM-Sod-SPH-alf-rho-zoom-eps
-converted-to.pdf>
(epstopdf)                    date: 2018-06-07 16:53:48
(epstopdf)                    size: 30165 bytes
(epstopdf)             Command: <repstopdf --outfile=./Figures/Sod/RCM-Sod-SPH-
alf-rho-zoom-eps-converted-to.pdf ./Figures/Sod/RCM-Sod-SPH-alf-rho-zoom.eps>
(epstopdf)             \includegraphics on input line 461.
Package epstopdf Info: Output file is already uptodate.

<./Figures/Sod/RCM-Sod-SPH-alf-rho-zoom-eps-converted-to.pdf, id=363, 1110.1475
pt x 716.6775pt>
File: ./Figures/Sod/RCM-Sod-SPH-alf-rho-zoom-eps-converted-to.pdf Graphic file 
(type pdf)

<use ./Figures/Sod/RCM-Sod-SPH-alf-rho-zoom-eps-converted-to.pdf>
Package pdftex.def Info: ./Figures/Sod/RCM-Sod-SPH-alf-rho-zoom-eps-converted-t
o.pdf used on input line 461.
(pdftex.def)             Requested size: 169.06651pt x 109.13733pt.
Package epstopdf Info: Source file: <./Figures/Sod/RCM-Sod-SPH-alf-v-zoom.eps>
(epstopdf)                    date: 2018-06-07 16:51:39
(epstopdf)                    size: 154330 bytes
(epstopdf)             Output file: <./Figures/Sod/RCM-Sod-SPH-alf-v-zoom-eps-c
onverted-to.pdf>
(epstopdf)                    date: 2018-06-07 16:53:50
(epstopdf)                    size: 33269 bytes
(epstopdf)             Command: <repstopdf --outfile=./Figures/Sod/RCM-Sod-SPH-
alf-v-zoom-eps-converted-to.pdf ./Figures/Sod/RCM-Sod-SPH-alf-v-zoom.eps>
(epstopdf)             \includegraphics on input line 465.
Package epstopdf Info: Output file is already uptodate.

<./Figures/Sod/RCM-Sod-SPH-alf-v-zoom-eps-converted-to.pdf, id=364, 1109.14375p
t x 718.685pt>
File: ./Figures/Sod/RCM-Sod-SPH-alf-v-zoom-eps-converted-to.pdf Graphic file (t
ype pdf)
 <use ./Figures/Sod/RCM-Sod-SPH-alf-v-zoom-eps-converted-to.pdf>
Package pdftex.def Info: ./Figures/Sod/RCM-Sod-SPH-alf-v-zoom-eps-converted-to.
pdf used on input line 465.
(pdftex.def)             Requested size: 169.06651pt x 109.54172pt.
Package epstopdf Info: Source file: <./Figures/Sod/RCM-Sod-SPH-alf-e-zoom.eps>
(epstopdf)                    date: 2018-06-07 16:51:39
(epstopdf)                    size: 56414 bytes
(epstopdf)             Output file: <./Figures/Sod/RCM-Sod-SPH-alf-e-zoom-eps-c
onverted-to.pdf>
(epstopdf)                    date: 2018-06-07 16:53:56
(epstopdf)                    size: 15404 bytes
(epstopdf)             Command: <repstopdf --outfile=./Figures/Sod/RCM-Sod-SPH-
alf-e-zoom-eps-converted-to.pdf ./Figures/Sod/RCM-Sod-SPH-alf-e-zoom.eps>
(epstopdf)             \includegraphics on input line 470.
Package epstopdf Info: Output file is already uptodate.

<./Figures/Sod/RCM-Sod-SPH-alf-e-zoom-eps-converted-to.pdf, id=365, 1104.125pt 
x 718.685pt>
File: ./Figures/Sod/RCM-Sod-SPH-alf-e-zoom-eps-converted-to.pdf Graphic file (t
ype pdf)
 <use ./Figures/Sod/RCM-Sod-SPH-alf-e-zoom-eps-converted-to.pdf>
Package pdftex.def Info: ./Figures/Sod/RCM-Sod-SPH-alf-e-zoom-eps-converted-to.
pdf used on input line 470.
(pdftex.def)             Requested size: 169.06651pt x 110.04617pt.
Package epstopdf Info: Source file: <./Figures/Sod/RCM-Sod-SPH-alf-p-zoom.eps>
(epstopdf)                    date: 2018-06-07 16:51:39
(epstopdf)                    size: 79036 bytes
(epstopdf)             Output file: <./Figures/Sod/RCM-Sod-SPH-alf-p-zoom-eps-c
onverted-to.pdf>
(epstopdf)                    date: 2018-06-07 16:53:58
(epstopdf)                    size: 20136 bytes
(epstopdf)             Command: <repstopdf --outfile=./Figures/Sod/RCM-Sod-SPH-
alf-p-zoom-eps-converted-to.pdf ./Figures/Sod/RCM-Sod-SPH-alf-p-zoom.eps>
(epstopdf)             \includegraphics on input line 474.
Package epstopdf Info: Output file is already uptodate.

<./Figures/Sod/RCM-Sod-SPH-alf-p-zoom-eps-converted-to.pdf, id=366, 1109.14375p
t x 716.6775pt>
File: ./Figures/Sod/RCM-Sod-SPH-alf-p-zoom-eps-converted-to.pdf Graphic file (t
ype pdf)

<use ./Figures/Sod/RCM-Sod-SPH-alf-p-zoom-eps-converted-to.pdf>
Package pdftex.def Info: ./Figures/Sod/RCM-Sod-SPH-alf-p-zoom-eps-converted-to.
pdf used on input line 474.
(pdftex.def)             Requested size: 169.06651pt x 109.23575pt.


LaTeX Warning: Float too large for page by 152.5369pt on input line 478.

[19] [20pdfTeX warning (ext4): destination with the same identifier (name{figur
e.2}) has been already used, duplicate ignored

\AtBegShi@Output ...ipout \box \AtBeginShipoutBox 
                                                  \fi \fi 
l.488 
       <./Figures/Sod/RCM-Sod-SPH-alf-rho-eps-converted-to.pdf> <./Figures/Sod/
RCM-Sod-SPH-alf-v-eps-converted-to.pdf> <./Figures/Sod/RCM-Sod-SPH-alf-e-eps-co
nverted-to.pdf> <./Figures/Sod/RCM-Sod-SPH-alf-p-eps-converted-to.pdf> <./Figur
es/Sod/RCM-Sod-SPH-alf-rho-zoom-eps-converted-to.pdf> <./Figures/Sod/RCM-Sod-SP
H-alf-v-zoom-eps-converted-to.pdf> <./Figures/Sod/RCM-Sod-SPH-alf-e-zoom-eps-co
nverted-to.pdf> <./Figures/Sod/RCM-Sod-SPH-alf-p-zoom-eps-converted-to.pdf>]
Package epstopdf Info: Source file: <./Figures/Sod/RCM-Sod-GSPH-compare-rho.eps
>
(epstopdf)                    date: 2018-05-29 13:14:14
(epstopdf)                    size: 245984 bytes
(epstopdf)             Output file: <./Figures/Sod/RCM-Sod-GSPH-compare-rho-eps
-converted-to.pdf>
(epstopdf)                    date: 2018-06-11 09:57:10
(epstopdf)                    size: 42852 bytes
(epstopdf)             Command: <repstopdf --outfile=./Figures/Sod/RCM-Sod-GSPH
-compare-rho-eps-converted-to.pdf ./Figures/Sod/RCM-Sod-GSPH-compare-rho.eps>
(epstopdf)             \includegraphics on input line 493.
Package epstopdf Info: Output file is already uptodate.

<./Figures/Sod/RCM-Sod-GSPH-compare-rho-eps-converted-to.pdf, id=432, 1441.385p
t x 718.685pt>
File: ./Figures/Sod/RCM-Sod-GSPH-compare-rho-eps-converted-to.pdf Graphic file 
(type pdf)

<use ./Figures/Sod/RCM-Sod-GSPH-compare-rho-eps-converted-to.pdf>
Package pdftex.def Info: ./Figures/Sod/RCM-Sod-GSPH-compare-rho-eps-converted-t
o.pdf used on input line 493.
(pdftex.def)             Requested size: 169.06651pt x 84.29745pt.
Package epstopdf Info: Source file: <./Figures/Sod/RCM-Sod-GSPH-compare-v.eps>
(epstopdf)                    date: 2018-05-29 13:20:24
(epstopdf)                    size: 249413 bytes
(epstopdf)             Output file: <./Figures/Sod/RCM-Sod-GSPH-compare-v-eps-c
onverted-to.pdf>
(epstopdf)                    date: 2018-05-30 11:33:43
(epstopdf)                    size: 43164 bytes
(epstopdf)             Command: <repstopdf --outfile=./Figures/Sod/RCM-Sod-GSPH
-compare-v-eps-converted-to.pdf ./Figures/Sod/RCM-Sod-GSPH-compare-v.eps>
(epstopdf)             \includegraphics on input line 497.
Package epstopdf Info: Output file is already uptodate.

<./Figures/Sod/RCM-Sod-GSPH-compare-v-eps-converted-to.pdf, id=433, 1441.385pt 
x 718.685pt>
File: ./Figures/Sod/RCM-Sod-GSPH-compare-v-eps-converted-to.pdf Graphic file (t
ype pdf)
 <use ./Figures/Sod/RCM-Sod-GSPH-compare-v-eps-converted-to.pdf>
Package pdftex.def Info: ./Figures/Sod/RCM-Sod-GSPH-compare-v-eps-converted-to.
pdf used on input line 497.
(pdftex.def)             Requested size: 169.06651pt x 84.29745pt.
Package epstopdf Info: Source file: <./Figures/Sod/RCM-Sod-GSPH-compare-e.eps>
(epstopdf)                    date: 2018-05-29 13:10:32
(epstopdf)                    size: 245564 bytes
(epstopdf)             Output file: <./Figures/Sod/RCM-Sod-GSPH-compare-e-eps-c
onverted-to.pdf>
(epstopdf)                    date: 2018-05-30 11:33:45
(epstopdf)                    size: 42518 bytes
(epstopdf)             Command: <repstopdf --outfile=./Figures/Sod/RCM-Sod-GSPH
-compare-e-eps-converted-to.pdf ./Figures/Sod/RCM-Sod-GSPH-compare-e.eps>
(epstopdf)             \includegraphics on input line 502.
Package epstopdf Info: Output file is already uptodate.

<./Figures/Sod/RCM-Sod-GSPH-compare-e-eps-converted-to.pdf, id=434, 1441.385pt 
x 718.685pt>
File: ./Figures/Sod/RCM-Sod-GSPH-compare-e-eps-converted-to.pdf Graphic file (t
ype pdf)
 <use ./Figures/Sod/RCM-Sod-GSPH-compare-e-eps-converted-to.pdf>
Package pdftex.def Info: ./Figures/Sod/RCM-Sod-GSPH-compare-e-eps-converted-to.
pdf used on input line 502.
(pdftex.def)             Requested size: 169.06651pt x 84.29745pt.
Package epstopdf Info: Source file: <./Figures/Sod/RCM-Sod-GSPH-compare-p.eps>
(epstopdf)                    date: 2018-05-29 14:26:48
(epstopdf)                    size: 247552 bytes
(epstopdf)             Output file: <./Figures/Sod/RCM-Sod-GSPH-compare-p-eps-c
onverted-to.pdf>
(epstopdf)                    date: 2018-05-30 11:33:47
(epstopdf)                    size: 42585 bytes
(epstopdf)             Command: <repstopdf --outfile=./Figures/Sod/RCM-Sod-GSPH
-compare-p-eps-converted-to.pdf ./Figures/Sod/RCM-Sod-GSPH-compare-p.eps>
(epstopdf)             \includegraphics on input line 506.
Package epstopdf Info: Output file is already uptodate.

<./Figures/Sod/RCM-Sod-GSPH-compare-p-eps-converted-to.pdf, id=435, 1445.4pt x 
721.69624pt>
File: ./Figures/Sod/RCM-Sod-GSPH-compare-p-eps-converted-to.pdf Graphic file (t
ype pdf)
 <use ./Figures/Sod/RCM-Sod-GSPH-compare-p-eps-converted-to.pdf>
Package pdftex.def Info: ./Figures/Sod/RCM-Sod-GSPH-compare-p-eps-converted-to.
pdf used on input line 506.
(pdftex.def)             Requested size: 169.06651pt x 84.40839pt.
Package epstopdf Info: Source file: <./Figures/Sod/RCM-Sod-GSPH-compare-rho-zoo
m.eps>
(epstopdf)                    date: 2018-05-29 13:13:44
(epstopdf)                    size: 122990 bytes
(epstopdf)             Output file: <./Figures/Sod/RCM-Sod-GSPH-compare-rho-zoo
m-eps-converted-to.pdf>
(epstopdf)                    date: 2018-06-11 09:57:12
(epstopdf)                    size: 21062 bytes
(epstopdf)             Command: <repstopdf --outfile=./Figures/Sod/RCM-Sod-GSPH
-compare-rho-zoom-eps-converted-to.pdf ./Figures/Sod/RCM-Sod-GSPH-compare-rho-z
oom.eps>
(epstopdf)             \includegraphics on input line 511.
Package epstopdf Info: Output file is already uptodate.

<./Figures/Sod/RCM-Sod-GSPH-compare-rho-zoom-eps-converted-to.pdf, id=436, 1441
.385pt x 718.685pt>
File: ./Figures/Sod/RCM-Sod-GSPH-compare-rho-zoom-eps-converted-to.pdf Graphic 
file (type pdf)

<use ./Figures/Sod/RCM-Sod-GSPH-compare-rho-zoom-eps-converted-to.pdf>
Package pdftex.def Info: ./Figures/Sod/RCM-Sod-GSPH-compare-rho-zoom-eps-conver
ted-to.pdf used on input line 511.
(pdftex.def)             Requested size: 169.06651pt x 84.29745pt.
Package epstopdf Info: Source file: <./Figures/Sod/RCM-Sod-GSPH-compare-e-zoom.
eps>
(epstopdf)                    date: 2018-05-29 13:11:02
(epstopdf)                    size: 61557 bytes
(epstopdf)             Output file: <./Figures/Sod/RCM-Sod-GSPH-compare-e-zoom-
eps-converted-to.pdf>
(epstopdf)                    date: 2018-05-30 11:33:51
(epstopdf)                    size: 13269 bytes
(epstopdf)             Command: <repstopdf --outfile=./Figures/Sod/RCM-Sod-GSPH
-compare-e-zoom-eps-converted-to.pdf ./Figures/Sod/RCM-Sod-GSPH-compare-e-zoom.
eps>
(epstopdf)             \includegraphics on input line 515.
Package epstopdf Info: Output file is already uptodate.

<./Figures/Sod/RCM-Sod-GSPH-compare-e-zoom-eps-converted-to.pdf, id=437, 1441.3
85pt x 718.685pt>
File: ./Figures/Sod/RCM-Sod-GSPH-compare-e-zoom-eps-converted-to.pdf Graphic fi
le (type pdf)

<use ./Figures/Sod/RCM-Sod-GSPH-compare-e-zoom-eps-converted-to.pdf>
Package pdftex.def Info: ./Figures/Sod/RCM-Sod-GSPH-compare-e-zoom-eps-converte
d-to.pdf used on input line 515.
(pdftex.def)             Requested size: 169.06651pt x 84.29745pt.
Package epstopdf Info: Source file: <./Figures/Sod/RCM-Sod-GSPH-compare-v-zoom.
eps>
(epstopdf)                    date: 2018-06-07 09:52:20
(epstopdf)                    size: 117296 bytes
(epstopdf)             Output file: <./Figures/Sod/RCM-Sod-GSPH-compare-v-zoom-
eps-converted-to.pdf>
(epstopdf)                    date: 2018-06-07 09:54:50
(epstopdf)                    size: 20946 bytes
(epstopdf)             Command: <repstopdf --outfile=./Figures/Sod/RCM-Sod-GSPH
-compare-v-zoom-eps-converted-to.pdf ./Figures/Sod/RCM-Sod-GSPH-compare-v-zoom.
eps>
(epstopdf)             \includegraphics on input line 520.
Package epstopdf Info: Output file is already uptodate.

<./Figures/Sod/RCM-Sod-GSPH-compare-v-zoom-eps-converted-to.pdf, id=438, 1439.3
775pt x 718.685pt>
File: ./Figures/Sod/RCM-Sod-GSPH-compare-v-zoom-eps-converted-to.pdf Graphic fi
le (type pdf)

<use ./Figures/Sod/RCM-Sod-GSPH-compare-v-zoom-eps-converted-to.pdf>
Package pdftex.def Info: ./Figures/Sod/RCM-Sod-GSPH-compare-v-zoom-eps-converte
d-to.pdf used on input line 520.
(pdftex.def)             Requested size: 169.06651pt x 84.4071pt.
Package epstopdf Info: Source file: <./Figures/Sod/RCM-Sod-GSPH-compare-p-zoom.
eps>
(epstopdf)                    date: 2018-05-29 14:29:28
(epstopdf)                    size: 121826 bytes
(epstopdf)             Output file: <./Figures/Sod/RCM-Sod-GSPH-compare-p-zoom-
eps-converted-to.pdf>
(epstopdf)                    date: 2018-05-30 11:33:54
(epstopdf)                    size: 22726 bytes
(epstopdf)             Command: <repstopdf --outfile=./Figures/Sod/RCM-Sod-GSPH
-compare-p-zoom-eps-converted-to.pdf ./Figures/Sod/RCM-Sod-GSPH-compare-p-zoom.
eps>
(epstopdf)             \includegraphics on input line 524.
Package epstopdf Info: Output file is already uptodate.

<./Figures/Sod/RCM-Sod-GSPH-compare-p-zoom-eps-converted-to.pdf, id=439, 1445.4
pt x 721.69624pt>
File: ./Figures/Sod/RCM-Sod-GSPH-compare-p-zoom-eps-converted-to.pdf Graphic fi
le (type pdf)

<use ./Figures/Sod/RCM-Sod-GSPH-compare-p-zoom-eps-converted-to.pdf>
Package pdftex.def Info: ./Figures/Sod/RCM-Sod-GSPH-compare-p-zoom-eps-converte
d-to.pdf used on input line 524.
(pdftex.def)             Requested size: 169.06651pt x 84.40839pt.
Package epstopdf Info: Source file: <./Figures/Accuracy-des.eps>
(epstopdf)                    date: 2018-05-29 14:59:48
(epstopdf)                    size: 30051 bytes
(epstopdf)             Output file: <./Figures/Accuracy-des-eps-converted-to.pd
f>
(epstopdf)                    date: 2018-06-07 09:22:42
(epstopdf)                    size: 9786 bytes
(epstopdf)             Command: <repstopdf --outfile=./Figures/Accuracy-des-eps
-converted-to.pdf ./Figures/Accuracy-des.eps>
(epstopdf)             \includegraphics on input line 548.
Package epstopdf Info: Output file is already uptodate.

<./Figures/Accuracy-des-eps-converted-to.pdf, id=444, 852.18375pt x 718.685pt>
File: ./Figures/Accuracy-des-eps-converted-to.pdf Graphic file (type pdf)

<use ./Figures/Accuracy-des-eps-converted-to.pdf>
Package pdftex.def Info: ./Figures/Accuracy-des-eps-converted-to.pdf used on in
put line 548.
(pdftex.def)             Requested size: 113.39548pt x 95.62556pt.
Package epstopdf Info: Source file: <./Figures/Accuracy-vel.eps>
(epstopdf)                    date: 2018-05-29 14:57:26
(epstopdf)                    size: 30083 bytes
(epstopdf)             Output file: <./Figures/Accuracy-vel-eps-converted-to.pd
f>
(epstopdf)                    date: 2018-06-07 09:22:44
(epstopdf)                    size: 9720 bytes
(epstopdf)             Command: <repstopdf --outfile=./Figures/Accuracy-vel-eps
-converted-to.pdf ./Figures/Accuracy-vel.eps>
(epstopdf)             \includegraphics on input line 552.
Package epstopdf Info: Output file is already uptodate.

<./Figures/Accuracy-vel-eps-converted-to.pdf, id=445, 854.19125pt x 718.685pt>
File: ./Figures/Accuracy-vel-eps-converted-to.pdf Graphic file (type pdf)

<use ./Figures/Accuracy-vel-eps-converted-to.pdf>
Package pdftex.def Info: ./Figures/Accuracy-vel-eps-converted-to.pdf used on in
put line 552.
(pdftex.def)             Requested size: 113.39548pt x 95.40625pt.
Package epstopdf Info: Source file: <./Figures/Accuracy-pre.eps>
(epstopdf)                    date: 2018-05-29 14:56:12
(epstopdf)                    size: 29956 bytes
(epstopdf)             Output file: <./Figures/Accuracy-pre-eps-converted-to.pd
f>
(epstopdf)                    date: 2018-06-07 09:22:47
(epstopdf)                    size: 9647 bytes
(epstopdf)             Command: <repstopdf --outfile=./Figures/Accuracy-pre-eps
-converted-to.pdf ./Figures/Accuracy-pre.eps>
(epstopdf)             \includegraphics on input line 556.
Package epstopdf Info: Output file is already uptodate.

<./Figures/Accuracy-pre-eps-converted-to.pdf, id=446, 853.1875pt x 718.685pt>
File: ./Figures/Accuracy-pre-eps-converted-to.pdf Graphic file (type pdf)

<use ./Figures/Accuracy-pre-eps-converted-to.pdf>
Package pdftex.def Info: ./Figures/Accuracy-pre-eps-converted-to.pdf used on in
put line 556.
(pdftex.def)             Requested size: 113.39548pt x 95.51591pt.
 [21] [22pdfTeX warning (ext4): destination with the same identifier (name{figu
re.3}) has been already used, duplicate ignored

\AtBegShi@Output ...ipout \box \AtBeginShipoutBox 
                                                  \fi \fi 
l.560 \end{figure}
                   <./Figures/Sod/RCM-Sod-GSPH-compare-rho-eps-converted-to.pdf
> <./Figures/Sod/RCM-Sod-GSPH-compare-v-eps-converted-to.pdf> <./Figures/Sod/RC
M-Sod-GSPH-compare-e-eps-converted-to.pdf> <./Figures/Sod/RCM-Sod-GSPH-compare-
p-eps-converted-to.pdf> <./Figures/Sod/RCM-Sod-GSPH-compare-rho-zoom-eps-conver
ted-to.pdf> <./Figures/Sod/RCM-Sod-GSPH-compare-e-zoom-eps-converted-to.pdf> <.
/Figures/Sod/RCM-Sod-GSPH-compare-v-zoom-eps-converted-to.pdf> <./Figures/Sod/R
CM-Sod-GSPH-compare-p-zoom-eps-converted-to.pdf>] [23pdfTeX warning (ext4): des
tination with the same identifier (name{figure.4}) has been already used, dupli
cate ignored

\AtBegShi@Output ...ipout \box \AtBeginShipoutBox 
                                                  \fi \fi 
l.567 
       <./Figures/Accuracy-des-eps-converted-to.pdf> <./Figures/Accuracy-vel-ep
s-converted-to.pdf> <./Figures/Accuracy-pre-eps-converted-to.pdf>]
Package epstopdf Info: Source file: <./Figures/GSPH-Sod/GRod-RCM-rho.eps>
(epstopdf)                    date: 2018-06-13 09:42:41
(epstopdf)                    size: 171172 bytes
(epstopdf)             Output file: <./Figures/GSPH-Sod/GRod-RCM-rho-eps-conver
ted-to.pdf>
(epstopdf)                    date: 2018-06-13 10:01:42
(epstopdf)                    size: 31155 bytes
(epstopdf)             Command: <repstopdf --outfile=./Figures/GSPH-Sod/GRod-RC
M-rho-eps-converted-to.pdf ./Figures/GSPH-Sod/GRod-RCM-rho.eps>
(epstopdf)             \includegraphics on input line 572.
Package epstopdf Info: Output file is already uptodate.

<./Figures/GSPH-Sod/GRod-RCM-rho-eps-converted-to.pdf, id=542, 970.62625pt x 71
6.6775pt>
File: ./Figures/GSPH-Sod/GRod-RCM-rho-eps-converted-to.pdf Graphic file (type p
df)
 <use ./Figures/GSPH-Sod/GRod-RCM-rho-eps-converted-to.pdf>
Package pdftex.def Info: ./Figures/GSPH-Sod/GRod-RCM-rho-eps-converted-to.pdf u
sed on input line 572.
(pdftex.def)             Requested size: 169.06651pt x 124.82991pt.
Package epstopdf Info: Source file: <./Figures/GSPH-Sod/GRod-RCM-v.eps>
(epstopdf)                    date: 2018-06-13 09:42:41
(epstopdf)                    size: 172881 bytes
(epstopdf)             Output file: <./Figures/GSPH-Sod/GRod-RCM-v-eps-converte
d-to.pdf>
(epstopdf)                    date: 2018-06-13 10:01:44
(epstopdf)                    size: 31392 bytes
(epstopdf)             Command: <repstopdf --outfile=./Figures/GSPH-Sod/GRod-RC
M-v-eps-converted-to.pdf ./Figures/GSPH-Sod/GRod-RCM-v.eps>
(epstopdf)             \includegraphics on input line 576.
Package epstopdf Info: Output file is already uptodate.

<./Figures/GSPH-Sod/GRod-RCM-v-eps-converted-to.pdf, id=543, 968.61874pt x 714.
67pt>
File: ./Figures/GSPH-Sod/GRod-RCM-v-eps-converted-to.pdf Graphic file (type pdf
)
 <use ./Figures/GSPH-Sod/GRod-RCM-v-eps-converted-to.pdf>
Package pdftex.def Info: ./Figures/GSPH-Sod/GRod-RCM-v-eps-converted-to.pdf use
d on input line 576.
(pdftex.def)             Requested size: 169.06651pt x 124.74197pt.
Package epstopdf Info: Source file: <./Figures/GSPH-Sod/GRod-RCM-e.eps>
(epstopdf)                    date: 2018-06-13 09:42:41
(epstopdf)                    size: 171780 bytes
(epstopdf)             Output file: <./Figures/GSPH-Sod/GRod-RCM-e-eps-converte
d-to.pdf>
(epstopdf)                    date: 2018-06-13 10:01:45
(epstopdf)                    size: 30021 bytes
(epstopdf)             Command: <repstopdf --outfile=./Figures/GSPH-Sod/GRod-RC
M-e-eps-converted-to.pdf ./Figures/GSPH-Sod/GRod-RCM-e.eps>
(epstopdf)             \includegraphics on input line 581.
Package epstopdf Info: Output file is already uptodate.

<./Figures/GSPH-Sod/GRod-RCM-e-eps-converted-to.pdf, id=544, 968.61874pt x 714.
67pt>
File: ./Figures/GSPH-Sod/GRod-RCM-e-eps-converted-to.pdf Graphic file (type pdf
)
 <use ./Figures/GSPH-Sod/GRod-RCM-e-eps-converted-to.pdf>
Package pdftex.def Info: ./Figures/GSPH-Sod/GRod-RCM-e-eps-converted-to.pdf use
d on input line 581.
(pdftex.def)             Requested size: 169.06651pt x 124.74197pt.
Package epstopdf Info: Source file: <./Figures/GSPH-Sod/GRod-RCM-p.eps>
(epstopdf)                    date: 2018-06-13 09:42:41
(epstopdf)                    size: 176406 bytes
(epstopdf)             Output file: <./Figures/GSPH-Sod/GRod-RCM-p-eps-converte
d-to.pdf>
(epstopdf)                    date: 2018-06-13 10:01:47
(epstopdf)                    size: 30633 bytes
(epstopdf)             Command: <repstopdf --outfile=./Figures/GSPH-Sod/GRod-RC
M-p-eps-converted-to.pdf ./Figures/GSPH-Sod/GRod-RCM-p.eps>
(epstopdf)             \includegraphics on input line 585.
Package epstopdf Info: Output file is already uptodate.

<./Figures/GSPH-Sod/GRod-RCM-p-eps-converted-to.pdf, id=545, 965.6075pt x 718.6
85pt>
File: ./Figures/GSPH-Sod/GRod-RCM-p-eps-converted-to.pdf Graphic file (type pdf
)
 <use ./Figures/GSPH-Sod/GRod-RCM-p-eps-converted-to.pdf>
Package pdftex.def Info: ./Figures/GSPH-Sod/GRod-RCM-p-eps-converted-to.pdf use
d on input line 585.
(pdftex.def)             Requested size: 169.06651pt x 125.82658pt.
Package epstopdf Info: Source file: <./Figures/double_exp/Dexp-RCM-rho.eps>
(epstopdf)                    date: 2018-06-13 09:38:41
(epstopdf)                    size: 175519 bytes
(epstopdf)             Output file: <./Figures/double_exp/Dexp-RCM-rho-eps-conv
erted-to.pdf>
(epstopdf)                    date: 2018-06-13 10:01:49
(epstopdf)                    size: 37512 bytes
(epstopdf)             Command: <repstopdf --outfile=./Figures/double_exp/Dexp-
RCM-rho-eps-converted-to.pdf ./Figures/double_exp/Dexp-RCM-rho.eps>
(epstopdf)             \includegraphics on input line 595.
Package epstopdf Info: Output file is already uptodate.

<./Figures/double_exp/Dexp-RCM-rho-eps-converted-to.pdf, id=546, 971.63pt x 716
.6775pt>
File: ./Figures/double_exp/Dexp-RCM-rho-eps-converted-to.pdf Graphic file (type
 pdf)
 <use ./Figures/double_exp/Dexp-RCM-rho-eps-converted-to.pdf>
Package pdftex.def Info: ./Figures/double_exp/Dexp-RCM-rho-eps-converted-to.pdf
 used on input line 595.
(pdftex.def)             Requested size: 169.06651pt x 124.69868pt.
Package epstopdf Info: Source file: <./Figures/double_exp/Dexp-RCM-v.eps>
(epstopdf)                    date: 2018-06-13 09:38:41
(epstopdf)                    size: 176015 bytes
(epstopdf)             Output file: <./Figures/double_exp/Dexp-RCM-v-eps-conver
ted-to.pdf>
(epstopdf)                    date: 2018-06-13 10:01:51
(epstopdf)                    size: 37083 bytes
(epstopdf)             Command: <repstopdf --outfile=./Figures/double_exp/Dexp-
RCM-v-eps-converted-to.pdf ./Figures/double_exp/Dexp-RCM-v.eps>
(epstopdf)             \includegraphics on input line 599.
Package epstopdf Info: Output file is already uptodate.

<./Figures/double_exp/Dexp-RCM-v-eps-converted-to.pdf, id=547, 969.6225pt x 716
.6775pt>
File: ./Figures/double_exp/Dexp-RCM-v-eps-converted-to.pdf Graphic file (type p
df)
 <use ./Figures/double_exp/Dexp-RCM-v-eps-converted-to.pdf>
Package pdftex.def Info: ./Figures/double_exp/Dexp-RCM-v-eps-converted-to.pdf u
sed on input line 599.
(pdftex.def)             Requested size: 169.06651pt x 124.96114pt.
Package epstopdf Info: Source file: <./Figures/double_exp/Dexp-RCM-e.eps>
(epstopdf)                    date: 2018-06-13 09:38:41
(epstopdf)                    size: 172388 bytes
(epstopdf)             Output file: <./Figures/double_exp/Dexp-RCM-e-eps-conver
ted-to.pdf>
(epstopdf)                    date: 2018-06-13 10:01:53
(epstopdf)                    size: 37463 bytes
(epstopdf)             Command: <repstopdf --outfile=./Figures/double_exp/Dexp-
RCM-e-eps-converted-to.pdf ./Figures/double_exp/Dexp-RCM-e.eps>
(epstopdf)             \includegraphics on input line 604.
Package epstopdf Info: Output file is already uptodate.

<./Figures/double_exp/Dexp-RCM-e-eps-converted-to.pdf, id=548, 971.63pt x 714.6
7pt>
File: ./Figures/double_exp/Dexp-RCM-e-eps-converted-to.pdf Graphic file (type p
df)
 <use ./Figures/double_exp/Dexp-RCM-e-eps-converted-to.pdf>
Package pdftex.def Info: ./Figures/double_exp/Dexp-RCM-e-eps-converted-to.pdf u
sed on input line 604.
(pdftex.def)             Requested size: 169.06651pt x 124.34938pt.
Package epstopdf Info: Source file: <./Figures/double_exp/Dexp-RCM-p.eps>
(epstopdf)                    date: 2018-06-13 09:38:41
(epstopdf)                    size: 175309 bytes
(epstopdf)             Output file: <./Figures/double_exp/Dexp-RCM-p-eps-conver
ted-to.pdf>
(epstopdf)                    date: 2018-06-13 10:01:55
(epstopdf)                    size: 36556 bytes
(epstopdf)             Command: <repstopdf --outfile=./Figures/double_exp/Dexp-
RCM-p-eps-converted-to.pdf ./Figures/double_exp/Dexp-RCM-p.eps>
(epstopdf)             \includegraphics on input line 608.
Package epstopdf Info: Output file is already uptodate.

<./Figures/double_exp/Dexp-RCM-p-eps-converted-to.pdf, id=549, 966.61125pt x 71
8.685pt>
File: ./Figures/double_exp/Dexp-RCM-p-eps-converted-to.pdf Graphic file (type p
df)
 <use ./Figures/double_exp/Dexp-RCM-p-eps-converted-to.pdf>
Package pdftex.def Info: ./Figures/double_exp/Dexp-RCM-p-eps-converted-to.pdf u
sed on input line 608.
(pdftex.def)             Requested size: 169.06651pt x 125.69499pt.
 [24pdfTeX warning (ext4): destination with the same identifier (name{figure.5}
) has been already used, duplicate ignored

\AtBegShi@Output ...ipout \box \AtBeginShipoutBox 
                                                  \fi \fi 
l.613 
       <./Figures/GSPH-Sod/GRod-RCM-rho-eps-converted-to.pdf> <./Figures/GSPH-S
od/GRod-RCM-v-eps-converted-to.pdf> <./Figures/GSPH-Sod/GRod-RCM-e-eps-converte
d-to.pdf> <./Figures/GSPH-Sod/GRod-RCM-p-eps-converted-to.pdf>]
Package epstopdf Info: Source file: <./Figures/double_shock/Dshock-RCM-rho-Rp6.
eps>
(epstopdf)                    date: 2018-06-13 09:42:40
(epstopdf)                    size: 174561 bytes
(epstopdf)             Output file: <./Figures/double_shock/Dshock-RCM-rho-Rp6-
eps-converted-to.pdf>
(epstopdf)                    date: 2018-06-13 10:01:57
(epstopdf)                    size: 23311 bytes
(epstopdf)             Command: <repstopdf --outfile=./Figures/double_shock/Dsh
ock-RCM-rho-Rp6-eps-converted-to.pdf ./Figures/double_shock/Dshock-RCM-rho-Rp6.
eps>
(epstopdf)             \includegraphics on input line 618.
Package epstopdf Info: Output file is already uptodate.

<./Figures/double_shock/Dshock-RCM-rho-Rp6-eps-converted-to.pdf, id=576, 971.63
pt x 716.6775pt>
File: ./Figures/double_shock/Dshock-RCM-rho-Rp6-eps-converted-to.pdf Graphic fi
le (type pdf)

<use ./Figures/double_shock/Dshock-RCM-rho-Rp6-eps-converted-to.pdf>
Package pdftex.def Info: ./Figures/double_shock/Dshock-RCM-rho-Rp6-eps-converte
d-to.pdf used on input line 618.
(pdftex.def)             Requested size: 169.06651pt x 124.69868pt.
Package epstopdf Info: Source file: <./Figures/double_shock/Dshock-RCM-v-Rp6.ep
s>
(epstopdf)                    date: 2018-06-13 09:42:40
(epstopdf)                    size: 175400 bytes
(epstopdf)             Output file: <./Figures/double_shock/Dshock-RCM-v-Rp6-ep
s-converted-to.pdf>
(epstopdf)                    date: 2018-06-13 10:01:58
(epstopdf)                    size: 23027 bytes
(epstopdf)             Command: <repstopdf --outfile=./Figures/double_shock/Dsh
ock-RCM-v-Rp6-eps-converted-to.pdf ./Figures/double_shock/Dshock-RCM-v-Rp6.eps>

(epstopdf)             \includegraphics on input line 622.
Package epstopdf Info: Output file is already uptodate.

<./Figures/double_shock/Dshock-RCM-v-Rp6-eps-converted-to.pdf, id=577, 970.6262
5pt x 716.6775pt>
File: ./Figures/double_shock/Dshock-RCM-v-Rp6-eps-converted-to.pdf Graphic file
 (type pdf)

<use ./Figures/double_shock/Dshock-RCM-v-Rp6-eps-converted-to.pdf>
Package pdftex.def Info: ./Figures/double_shock/Dshock-RCM-v-Rp6-eps-converted-
to.pdf used on input line 622.
(pdftex.def)             Requested size: 169.06651pt x 124.82991pt.
Package epstopdf Info: Source file: <./Figures/double_shock/Dshock-RCM-e-Rp6.ep
s>
(epstopdf)                    date: 2018-06-13 09:42:40
(epstopdf)                    size: 172973 bytes
(epstopdf)             Output file: <./Figures/double_shock/Dshock-RCM-e-Rp6-ep
s-converted-to.pdf>
(epstopdf)                    date: 2018-06-13 10:02:00
(epstopdf)                    size: 23246 bytes
(epstopdf)             Command: <repstopdf --outfile=./Figures/double_shock/Dsh
ock-RCM-e-Rp6-eps-converted-to.pdf ./Figures/double_shock/Dshock-RCM-e-Rp6.eps>

(epstopdf)             \includegraphics on input line 627.
Package epstopdf Info: Output file is already uptodate.

<./Figures/double_shock/Dshock-RCM-e-Rp6-eps-converted-to.pdf, id=578, 970.6262
5pt x 716.6775pt>
File: ./Figures/double_shock/Dshock-RCM-e-Rp6-eps-converted-to.pdf Graphic file
 (type pdf)

<use ./Figures/double_shock/Dshock-RCM-e-Rp6-eps-converted-to.pdf>
Package pdftex.def Info: ./Figures/double_shock/Dshock-RCM-e-Rp6-eps-converted-
to.pdf used on input line 627.
(pdftex.def)             Requested size: 169.06651pt x 124.82991pt.
Package epstopdf Info: Source file: <./Figures/double_shock/Dshock-RCM-p-Rp6.ep
s>
(epstopdf)                    date: 2018-06-13 09:42:40
(epstopdf)                    size: 173104 bytes
(epstopdf)             Output file: <./Figures/double_shock/Dshock-RCM-p-Rp6-ep
s-converted-to.pdf>
(epstopdf)                    date: 2018-06-13 10:02:02
(epstopdf)                    size: 23389 bytes
(epstopdf)             Command: <repstopdf --outfile=./Figures/double_shock/Dsh
ock-RCM-p-Rp6-eps-converted-to.pdf ./Figures/double_shock/Dshock-RCM-p-Rp6.eps>

(epstopdf)             \includegraphics on input line 631.
Package epstopdf Info: Output file is already uptodate.

<./Figures/double_shock/Dshock-RCM-p-Rp6-eps-converted-to.pdf, id=579, 964.6037
4pt x 718.685pt>
File: ./Figures/double_shock/Dshock-RCM-p-Rp6-eps-converted-to.pdf Graphic file
 (type pdf)

<use ./Figures/double_shock/Dshock-RCM-p-Rp6-eps-converted-to.pdf>
Package pdftex.def Info: ./Figures/double_shock/Dshock-RCM-p-Rp6-eps-converted-
to.pdf used on input line 631.
(pdftex.def)             Requested size: 169.06651pt x 125.95818pt.
 [25pdfTeX warning (ext4): destination with the same identifier (name{figure.6}
) has been already used, duplicate ignored

\AtBegShi@Output ...ipout \box \AtBeginShipoutBox 
                                                  \fi \fi 
l.636 
       <./Figures/double_exp/Dexp-RCM-rho-eps-converted-to.pdf> <./Figures/doub
le_exp/Dexp-RCM-v-eps-converted-to.pdf> <./Figures/double_exp/Dexp-RCM-e-eps-co
nverted-to.pdf> <./Figures/double_exp/Dexp-RCM-p-eps-converted-to.pdf>]
Package epstopdf Info: Source file: <./Figures/Sjogreen/Sjogreen-RCM-rho-Adpt1.
eps>
(epstopdf)                    date: 2018-06-13 09:42:41
(epstopdf)                    size: 169579 bytes
(epstopdf)             Output file: <./Figures/Sjogreen/Sjogreen-RCM-rho-Adpt1-
eps-converted-to.pdf>
(epstopdf)                    date: 2018-06-13 10:02:04
(epstopdf)                    size: 45045 bytes
(epstopdf)             Command: <repstopdf --outfile=./Figures/Sjogreen/Sjogree
n-RCM-rho-Adpt1-eps-converted-to.pdf ./Figures/Sjogreen/Sjogreen-RCM-rho-Adpt1.
eps>
(epstopdf)             \includegraphics on input line 641.
Package epstopdf Info: Output file is already uptodate.

<./Figures/Sjogreen/Sjogreen-RCM-rho-Adpt1-eps-converted-to.pdf, id=606, 974.64
125pt x 715.67375pt>
File: ./Figures/Sjogreen/Sjogreen-RCM-rho-Adpt1-eps-converted-to.pdf Graphic fi
le (type pdf)

<use ./Figures/Sjogreen/Sjogreen-RCM-rho-Adpt1-eps-converted-to.pdf>
Package pdftex.def Info: ./Figures/Sjogreen/Sjogreen-RCM-rho-Adpt1-eps-converte
d-to.pdf used on input line 641.
(pdftex.def)             Requested size: 169.06651pt x 124.14183pt.
Package epstopdf Info: Source file: <./Figures/Sjogreen/Sjogreen-RCM-v-Adpt1.ep
s>
(epstopdf)                    date: 2018-06-13 09:42:41
(epstopdf)                    size: 170152 bytes
(epstopdf)             Output file: <./Figures/Sjogreen/Sjogreen-RCM-v-Adpt1-ep
s-converted-to.pdf>
(epstopdf)                    date: 2018-06-13 10:02:06
(epstopdf)                    size: 45281 bytes
(epstopdf)             Command: <repstopdf --outfile=./Figures/Sjogreen/Sjogree
n-RCM-v-Adpt1-eps-converted-to.pdf ./Figures/Sjogreen/Sjogreen-RCM-v-Adpt1.eps>

(epstopdf)             \includegraphics on input line 645.
Package epstopdf Info: Output file is already uptodate.

<./Figures/Sjogreen/Sjogreen-RCM-v-Adpt1-eps-converted-to.pdf, id=607, 970.6262
5pt x 718.685pt>
File: ./Figures/Sjogreen/Sjogreen-RCM-v-Adpt1-eps-converted-to.pdf Graphic file
 (type pdf)

<use ./Figures/Sjogreen/Sjogreen-RCM-v-Adpt1-eps-converted-to.pdf>
Package pdftex.def Info: ./Figures/Sjogreen/Sjogreen-RCM-v-Adpt1-eps-converted-
to.pdf used on input line 645.
(pdftex.def)             Requested size: 169.06651pt x 125.17958pt.
Package epstopdf Info: Source file: <./Figures/Sjogreen/Sjogreen-RCM-e-Adpt1.ep
s>
(epstopdf)                    date: 2018-06-13 09:42:41
(epstopdf)                    size: 173348 bytes
(epstopdf)             Output file: <./Figures/Sjogreen/Sjogreen-RCM-e-Adpt1-ep
s-converted-to.pdf>
(epstopdf)                    date: 2018-06-13 10:02:08
(epstopdf)                    size: 45877 bytes
(epstopdf)             Command: <repstopdf --outfile=./Figures/Sjogreen/Sjogree
n-RCM-e-Adpt1-eps-converted-to.pdf ./Figures/Sjogreen/Sjogreen-RCM-e-Adpt1.eps>

(epstopdf)             \includegraphics on input line 650.
Package epstopdf Info: Output file is already uptodate.

<./Figures/Sjogreen/Sjogreen-RCM-e-Adpt1-eps-converted-to.pdf, id=608, 970.6262
5pt x 718.685pt>
File: ./Figures/Sjogreen/Sjogreen-RCM-e-Adpt1-eps-converted-to.pdf Graphic file
 (type pdf)

<use ./Figures/Sjogreen/Sjogreen-RCM-e-Adpt1-eps-converted-to.pdf>
Package pdftex.def Info: ./Figures/Sjogreen/Sjogreen-RCM-e-Adpt1-eps-converted-
to.pdf used on input line 650.
(pdftex.def)             Requested size: 169.06651pt x 125.17958pt.
Package epstopdf Info: Source file: <./Figures/Sjogreen/Sjogreen-RCM-p-Adpt1.ep
s>
(epstopdf)                    date: 2018-06-13 09:42:41
(epstopdf)                    size: 169798 bytes
(epstopdf)             Output file: <./Figures/Sjogreen/Sjogreen-RCM-p-Adpt1-ep
s-converted-to.pdf>
(epstopdf)                    date: 2018-06-13 10:02:09
(epstopdf)                    size: 47091 bytes
(epstopdf)             Command: <repstopdf --outfile=./Figures/Sjogreen/Sjogree
n-RCM-p-Adpt1-eps-converted-to.pdf ./Figures/Sjogreen/Sjogreen-RCM-p-Adpt1.eps>

(epstopdf)             \includegraphics on input line 654.
Package epstopdf Info: Output file is already uptodate.

<./Figures/Sjogreen/Sjogreen-RCM-p-Adpt1-eps-converted-to.pdf, id=609, 971.63pt
 x 718.685pt>
File: ./Figures/Sjogreen/Sjogreen-RCM-p-Adpt1-eps-converted-to.pdf Graphic file
 (type pdf)

<use ./Figures/Sjogreen/Sjogreen-RCM-p-Adpt1-eps-converted-to.pdf>
Package pdftex.def Info: ./Figures/Sjogreen/Sjogreen-RCM-p-Adpt1-eps-converted-
to.pdf used on input line 654.
(pdftex.def)             Requested size: 169.06651pt x 125.04799pt.
 [26pdfTeX warning (ext4): destination with the same identifier (name{figure.7}
) has been already used, duplicate ignored

\AtBegShi@Output ...ipout \box \AtBeginShipoutBox 
                                                  \fi \fi 
l.659 
       <./Figures/double_shock/Dshock-RCM-rho-Rp6-eps-converted-to.pdf> <./Figu
res/double_shock/Dshock-RCM-v-Rp6-eps-converted-to.pdf> <./Figures/double_shock
/Dshock-RCM-e-Rp6-eps-converted-to.pdf> <./Figures/double_shock/Dshock-RCM-p-Rp
6-eps-converted-to.pdf>]
Package epstopdf Info: Source file: <./Figures/strong-blast/StrBlst-RCM-rho-Rp3
.eps>
(epstopdf)                    date: 2018-06-13 09:42:41
(epstopdf)                    size: 197293 bytes
(epstopdf)             Output file: <./Figures/strong-blast/StrBlst-RCM-rho-Rp3
-eps-converted-to.pdf>
(epstopdf)                    date: 2018-06-13 10:02:11
(epstopdf)                    size: 36376 bytes
(epstopdf)             Command: <repstopdf --outfile=./Figures/strong-blast/Str
Blst-RCM-rho-Rp3-eps-converted-to.pdf ./Figures/strong-blast/StrBlst-RCM-rho-Rp
3.eps>
(epstopdf)             \includegraphics on input line 664.
Package epstopdf Info: Output file is already uptodate.

<./Figures/strong-blast/StrBlst-RCM-rho-Rp3-eps-converted-to.pdf, id=641, 1072.
005pt x 716.6775pt>
File: ./Figures/strong-blast/StrBlst-RCM-rho-Rp3-eps-converted-to.pdf Graphic f
ile (type pdf)

<use ./Figures/strong-blast/StrBlst-RCM-rho-Rp3-eps-converted-to.pdf>
Package pdftex.def Info: ./Figures/strong-blast/StrBlst-RCM-rho-Rp3-eps-convert
ed-to.pdf used on input line 664.
(pdftex.def)             Requested size: 169.06651pt x 113.01947pt.
Package epstopdf Info: Source file: <./Figures/strong-blast/StrBlst-RCM-v-Rp3.e
ps>
(epstopdf)                    date: 2018-06-13 09:42:41
(epstopdf)                    size: 193191 bytes
(epstopdf)             Output file: <./Figures/strong-blast/StrBlst-RCM-v-Rp3-e
ps-converted-to.pdf>
(epstopdf)                    date: 2018-06-13 10:02:13
(epstopdf)                    size: 35910 bytes
(epstopdf)             Command: <repstopdf --outfile=./Figures/strong-blast/Str
Blst-RCM-v-Rp3-eps-converted-to.pdf ./Figures/strong-blast/StrBlst-RCM-v-Rp3.ep
s>
(epstopdf)             \includegraphics on input line 668.
Package epstopdf Info: Output file is already uptodate.

<./Figures/strong-blast/StrBlst-RCM-v-Rp3-eps-converted-to.pdf, id=642, 1071.00
125pt x 716.6775pt>
File: ./Figures/strong-blast/StrBlst-RCM-v-Rp3-eps-converted-to.pdf Graphic fil
e (type pdf)

<use ./Figures/strong-blast/StrBlst-RCM-v-Rp3-eps-converted-to.pdf>
Package pdftex.def Info: ./Figures/strong-blast/StrBlst-RCM-v-Rp3-eps-converted
-to.pdf used on input line 668.
(pdftex.def)             Requested size: 169.06651pt x 113.12881pt.
Package epstopdf Info: Source file: <./Figures/strong-blast/StrBlst-RCM-e-Rp3.e
ps>
(epstopdf)                    date: 2018-06-13 09:42:41
(epstopdf)                    size: 186419 bytes
(epstopdf)             Output file: <./Figures/strong-blast/StrBlst-RCM-e-Rp3-e
ps-converted-to.pdf>
(epstopdf)                    date: 2018-06-13 10:02:15
(epstopdf)                    size: 35408 bytes
(epstopdf)             Command: <repstopdf --outfile=./Figures/strong-blast/Str
Blst-RCM-e-Rp3-eps-converted-to.pdf ./Figures/strong-blast/StrBlst-RCM-e-Rp3.ep
s>
(epstopdf)             \includegraphics on input line 673.
Package epstopdf Info: Output file is already uptodate.

<./Figures/strong-blast/StrBlst-RCM-e-Rp3-eps-converted-to.pdf, id=643, 1068.99
374pt x 718.685pt>
File: ./Figures/strong-blast/StrBlst-RCM-e-Rp3-eps-converted-to.pdf Graphic fil
e (type pdf)

<use ./Figures/strong-blast/StrBlst-RCM-e-Rp3-eps-converted-to.pdf>
Package pdftex.def Info: ./Figures/strong-blast/StrBlst-RCM-e-Rp3-eps-converted
-to.pdf used on input line 673.
(pdftex.def)             Requested size: 169.06651pt x 113.65407pt.
Package epstopdf Info: Source file: <./Figures/strong-blast/StrBlst-RCM-p-Rp3.e
ps>
(epstopdf)                    date: 2018-06-13 09:42:41
(epstopdf)                    size: 190368 bytes
(epstopdf)             Output file: <./Figures/strong-blast/StrBlst-RCM-p-Rp3-e
ps-converted-to.pdf>
(epstopdf)                    date: 2018-06-13 10:02:16
(epstopdf)                    size: 35797 bytes
(epstopdf)             Command: <repstopdf --outfile=./Figures/strong-blast/Str
Blst-RCM-p-Rp3-eps-converted-to.pdf ./Figures/strong-blast/StrBlst-RCM-p-Rp3.ep
s>
(epstopdf)             \includegraphics on input line 677.
Package epstopdf Info: Output file is already uptodate.

<./Figures/strong-blast/StrBlst-RCM-p-Rp3-eps-converted-to.pdf, id=644, 1072.00
5pt x 716.6775pt>
File: ./Figures/strong-blast/StrBlst-RCM-p-Rp3-eps-converted-to.pdf Graphic fil
e (type pdf)

<use ./Figures/strong-blast/StrBlst-RCM-p-Rp3-eps-converted-to.pdf>
Package pdftex.def Info: ./Figures/strong-blast/StrBlst-RCM-p-Rp3-eps-converted
-to.pdf used on input line 677.
(pdftex.def)             Requested size: 169.06651pt x 113.01947pt.
 [27pdfTeX warning (ext4): destination with the same identifier (name{figure.8}
) has been already used, duplicate ignored

\AtBegShi@Output ...ipout \box \AtBeginShipoutBox 
                                                  \fi \fi 
l.682 
       <./Figures/Sjogreen/Sjogreen-RCM-rho-Adpt1-eps-converted-to.pdf> <./Figu
res/Sjogreen/Sjogreen-RCM-v-Adpt1-eps-converted-to.pdf> <./Figures/Sjogreen/Sjo
green-RCM-e-Adpt1-eps-converted-to.pdf> <./Figures/Sjogreen/Sjogreen-RCM-p-Adpt
1-eps-converted-to.pdf>] [28pdfTeX warning (ext4): destination with the same id
entifier (name{figure.9}) has been already used, duplicate ignored

\AtBegShi@Output ...ipout \box \AtBeginShipoutBox 
                                                  \fi \fi 
l.691 \begin{equation}
                       <./Figures/strong-blast/StrBlst-RCM-rho-Rp3-eps-converte
d-to.pdf> <./Figures/strong-blast/StrBlst-RCM-v-Rp3-eps-converted-to.pdf> <./Fi
gures/strong-blast/StrBlst-RCM-e-Rp3-eps-converted-to.pdf> <./Figures/strong-bl
ast/StrBlst-RCM-p-Rp3-eps-converted-to.pdf>]
<./Figures/SPH-alf2-t3-cutView.jpg, id=694, 612.2875pt x 796.9775pt>
File: ./Figures/SPH-alf2-t3-cutView.jpg Graphic file (type jpg)

<use ./Figures/SPH-alf2-t3-cutView.jpg>
Package pdftex.def Info: ./Figures/SPH-alf2-t3-cutView.jpg used on input line 7
00.
(pdftex.def)             Requested size: 111.00331pt x 144.48343pt.

<./Figures/SPH-alf1-t3-cutView.jpg, id=695, 562.1pt x 786.94pt>
File: ./Figures/SPH-alf1-t3-cutView.jpg Graphic file (type jpg)

<use ./Figures/SPH-alf1-t3-cutView.jpg>
Package pdftex.def Info: ./Figures/SPH-alf1-t3-cutView.jpg used on input line 7
04.
(pdftex.def)             Requested size: 111.00331pt x 155.40393pt.

<./Figures/SPH-alfp3-t3-cutView.jpg, id=696, 501.875pt x 803.0pt>
File: ./Figures/SPH-alfp3-t3-cutView.jpg Graphic file (type jpg)

<use ./Figures/SPH-alfp3-t3-cutView.jpg>
Package pdftex.def Info: ./Figures/SPH-alfp3-t3-cutView.jpg used on input line 
708.
(pdftex.def)             Requested size: 111.00331pt x 177.604pt.
 [29]
<./Figures/SPH-alf1-t1p5-cutView.jpg, id=702, 562.1pt x 697.60625pt>
File: ./Figures/SPH-alf1-t1p5-cutView.jpg Graphic file (type jpg)

<use ./Figures/SPH-alf1-t1p5-cutView.jpg>
Package pdftex.def Info: ./Figures/SPH-alf1-t1p5-cutView.jpg used on input line
 718.
(pdftex.def)             Requested size: 111.00331pt x 137.7624pt.

<./Figures/GSPH-HLLC-t1p5-cutView.jpg, id=703, 593.21625pt x 702.625pt>
File: ./Figures/GSPH-HLLC-t1p5-cutView.jpg Graphic file (type jpg)

<use ./Figures/GSPH-HLLC-t1p5-cutView.jpg>
Package pdftex.def Info: ./Figures/GSPH-HLLC-t1p5-cutView.jpg used on input lin
e 722.
(pdftex.def)             Requested size: 111.00331pt x 131.47383pt.

<./Figures/RSPH-t1p5-cutView.jpg, id=704, 557.08125pt x 608.2725pt>
File: ./Figures/RSPH-t1p5-cutView.jpg Graphic file (type jpg)

<use ./Figures/RSPH-t1p5-cutView.jpg>
Package pdftex.def Info: ./Figures/RSPH-t1p5-cutView.jpg used on input line 726
.
(pdftex.def)             Requested size: 111.00331pt x 121.19756pt.
File: ./Figures/SPH-alf1-t3-cutView.jpg Graphic file (type jpg)
 <use ./Figures/SPH-alf1-t3-cutView.jpg>
Package pdftex.def Info: ./Figures/SPH-alf1-t3-cutView.jpg used on input line 7
32.
(pdftex.def)             Requested size: 111.00331pt x 155.40393pt.

<./Figures/GSPH-HLLC-t3-cutView.jpg, id=705, 593.21625pt x 796.9775pt>
File: ./Figures/GSPH-HLLC-t3-cutView.jpg Graphic file (type jpg)

<use ./Figures/GSPH-HLLC-t3-cutView.jpg>
Package pdftex.def Info: ./Figures/GSPH-HLLC-t3-cutView.jpg used on input line 
736.
(pdftex.def)             Requested size: 111.00331pt x 149.12889pt.

<./Figures/RSPH-t3-cutView.jpg, id=706, 557.08125pt x 788.9475pt>
File: ./Figures/RSPH-t3-cutView.jpg Graphic file (type jpg)

<use ./Figures/RSPH-t3-cutView.jpg>
Package pdftex.def Info: ./Figures/RSPH-t3-cutView.jpg used on input line 740.
(pdftex.def)             Requested size: 111.00331pt x 157.19682pt.
 [30pdfTeX warning (ext4): destination with the same identifier (name{figure.10
}) has been already used, duplicate ignored

\AtBegShi@Output ...ipout \box \AtBeginShipoutBox 
                                                  \fi \fi 
l.749 
       <./Figures/SPH-alf2-t3-cutView.jpg> <./Figures/SPH-alf1-t3-cutView.jpg> 
<./Figures/SPH-alfp3-t3-cutView.jpg>] [31pdfTeX warning (ext4): destination wit
h the same identifier (name{figure.11}) has been already used, duplicate ignore
d

\AtBegShi@Output ...ipout \box \AtBeginShipoutBox 
                                                  \fi \fi 
l.750 \section{Conclusion}
                           <./Figures/SPH-alf1-t1p5-cutView.jpg> <./Figures/GSP
H-HLLC-t1p5-cutView.jpg> <./Figures/RSPH-t1p5-cutView.jpg> <./Figures/GSPH-HLLC
-t3-cutView.jpg> <./Figures/RSPH-t3-cutView.jpg>] [32] (./JCP-Manuscript.bbl
[33] [34]
Missing character: There is no  in font cmr10!
Missing character: There is no  in font cmr10!
Missing character: There is no  in font cmr10!
 [35])
Package atveryend Info: Empty hook `BeforeClearDocument' on input line 764.
 [36]
Package atveryend Info: Empty hook `AfterLastShipout' on input line 764.
 (./JCP-Manuscript.aux)
Package atveryend Info: Executing hook `AtVeryEndDocument' on input line 764.
Package atveryend Info: Executing hook `AtEndAfterFileList' on input line 764.
Package rerunfilecheck Info: File `JCP-Manuscript.out' has not changed.
(rerunfilecheck)             Checksum: D7BD6A3676A56FF0A7DAE90AEB7002CA;1089.


LaTeX Warning: Label(s) may have changed. Rerun to get cross-references right.

Package atveryend Info: Empty hook `AtVeryVeryEnd' on input line 764.
 ) 
Here is how much of TeX's memory you used:
 7110 strings out of 493117
 111705 string characters out of 6135433
 200832 words of memory out of 5000000
 10281 multiletter control sequences out of 15000+600000
 9280 words of font info for 33 fonts, out of 8000000 for 9000
 1141 hyphenation exceptions out of 8191
 34i,13n,34p,1813b,500s stack positions out of 5000i,500n,10000p,200000b,80000s
</usr/local/texlive/2014/texmf-dist/fonts/type1/public/amsfonts/cm/cmbx10.pfb
></usr/local/texlive/2014/texmf-dist/fonts/type1/public/amsfonts/cm/cmex10.pfb>
</usr/local/texlive/2014/texmf-dist/fonts/type1/public/amsfonts/cm/cmmi10.pfb><
/usr/local/texlive/2014/texmf-dist/fonts/type1/public/amsfonts/cm/cmmi5.pfb></u
sr/local/texlive/2014/texmf-dist/fonts/type1/public/amsfonts/cm/cmmi7.pfb></usr
/local/texlive/2014/texmf-dist/fonts/type1/public/amsfonts/cm/cmmi8.pfb></usr/l
ocal/texlive/2014/texmf-dist/fonts/type1/public/amsfonts/cm/cmr10.pfb></usr/loc
al/texlive/2014/texmf-dist/fonts/type1/public/amsfonts/cm/cmr12.pfb></usr/local
/texlive/2014/texmf-dist/fonts/type1/public/amsfonts/cm/cmr6.pfb></usr/local/te
xlive/2014/texmf-dist/fonts/type1/public/amsfonts/cm/cmr7.pfb></usr/local/texli
ve/2014/texmf-dist/fonts/type1/public/amsfonts/cm/cmr8.pfb></usr/local/texlive/
2014/texmf-dist/fonts/type1/public/amsfonts/cm/cmss8.pfb></usr/local/texlive/20
14/texmf-dist/fonts/type1/public/amsfonts/cm/cmsy10.pfb></usr/local/texlive/201
4/texmf-dist/fonts/type1/public/amsfonts/cm/cmsy7.pfb></usr/local/texlive/2014/
texmf-dist/fonts/type1/public/amsfonts/cm/cmsy8.pfb></usr/local/texlive/2014/te
xmf-dist/fonts/type1/public/amsfonts/cm/cmti10.pfb></usr/local/texlive/2014/tex
mf-dist/fonts/type1/public/amsfonts/cm/cmti8.pfb>
Output written on JCP-Manuscript.pdf (36 pages, 6549412 bytes).
PDF statistics:
 836 PDF objects out of 1000 (max. 8388607)
 671 compressed objects within 7 object streams
 154 named destinations out of 1000 (max. 500000)
 369 words of extra memory for PDF output out of 10000 (max. 10000000)

